<?xml version="1.0" encoding="UTF-8"?>
<!-- Generated by org.testng.reporters.JUnitReportReporter -->
<testsuite skipped="0" hostname="Keshav-PC" name="Testcase.TestNaukriHome" tests="1" failures="0" timestamp="21 Dec 2018 04:25:34 GMT" time="50.800" errors="0">
  <testcase name="performLogin" time="50.800" classname="Testcase.TestNaukriHome"/>
</testsuite> <!-- Testcase.TestNaukriHome -->
